  DemoAnimatedCar.cpp
C:\Users\addu9\Downloads\AssessmentDianaAndreeaCocos\AssessmentDianaAndreeaCocos\ComputerGraphicsAssignmentRaaTidyDianaAndreeaCocos\AnimationViewerTexture\DemoAnimatedCar.cpp(3,10): error C1083: Cannot open include file: 'osg/Geode': No such file or directory
  DemoAnimatedCarFactory.cpp
C:\Users\addu9\Downloads\AssessmentDianaAndreeaCocos\AssessmentDianaAndreeaCocos\ComputerGraphicsAssignmentRaaTidyDianaAndreeaCocos\AnimationViewerTexture\DemoAnimatedCarFactory.h(3,10): error C1083: Cannot open include file: 'Common/FacadeFactoryA.h': No such file or directory
  (compiling source file 'DemoAnimatedCarFactory.cpp')
  
  AnimationViewerTexture.cpp
C:\Users\addu9\Downloads\AssessmentDianaAndreeaCocos\AssessmentDianaAndreeaCocos\ComputerGraphicsAssignmentRaaTidyDianaAndreeaCocos\AnimationViewerTexture\AnimationViewerTexture.cpp(3,10): error C1083: Cannot open include file: 'osgViewer/Viewer': No such file or directory
  DemoTrafficLight.cpp
C:\Users\addu9\Downloads\AssessmentDianaAndreeaCocos\AssessmentDianaAndreeaCocos\ComputerGraphicsAssignmentRaaTidyDianaAndreeaCocos\AnimationViewerTexture\DemoTrafficLight.cpp(2,10): error C1083: Cannot open include file: 'osg/ShapeDrawable': No such file or directory
  DemoTrafficLightFactory.cpp
C:\Users\addu9\Downloads\AssessmentDianaAndreeaCocos\AssessmentDianaAndreeaCocos\ComputerGraphicsAssignmentRaaTidyDianaAndreeaCocos\AnimationViewerTexture\DemoTrafficLight.h(4,10): error C1083: Cannot open include file: 'osg/Material': No such file or directory
  (compiling source file 'DemoTrafficLightFactory.cpp')
  
  EventHandler.cpp
C:\Users\addu9\Downloads\AssessmentDianaAndreeaCocos\AssessmentDianaAndreeaCocos\ComputerGraphicsAssignmentRaaTidyDianaAndreeaCocos\AnimationViewerTexture\EventHandler.cpp(3,10): error C1083: Cannot open include file: 'osgGA/GUIActionAdapter': No such file or directory
  PedestrianRoadTileLights.cpp
  PedestrianTileLightsFactory.cpp
  SelectionHandler.cpp
C:\Users\addu9\Downloads\AssessmentDianaAndreeaCocos\AssessmentDianaAndreeaCocos\ComputerGraphicsAssignmentRaaTidyDianaAndreeaCocos\AnimationViewerTexture\SelectionHandler.h(3,10): error C1083: Cannot open include file: 'osg/Object': No such file or directory
  (compiling source file 'SelectionHandler.cpp')
  
  Generating Code...
